<?xml version="1.0" encoding="UTF-8"?>
<!-- Generated by org.testng.reporters.JUnitReportReporter -->
<testsuite hostname="DESKTOP-JCDCUVQ" failures="0" tests="7" name="TestCasesDefinations.DemoAppTestCasesExecution" time="9.287" errors="0" timestamp="2023-11-02T04:46:09 PDT" skipped="0">
  <testcase classname="TestCasesDefinations.DemoAppTestCasesExecution" name="testCase001" time="1.756"/>
  <system-out/>
  <testcase classname="TestCasesDefinations.DemoAppTestCasesExecution" name="testCase006" time="2.769"/>
  <system-out/>
  <testcase classname="TestCasesDefinations.DemoAppTestCasesExecution" name="testCase005" time="0.315"/>
  <system-out/>
  <testcase classname="TestCasesDefinations.DemoAppTestCasesExecution" name="testCase004" time="0.419"/>
  <system-out/>
  <testcase classname="TestCasesDefinations.DemoAppTestCasesExecution" name="testCase002" time="2.129"/>
  <system-out/>
  <testcase classname="TestCasesDefinations.DemoAppTestCasesExecution" name="testCase003" time="0.406"/>
  <system-out/>
  <testcase classname="TestCasesDefinations.DemoAppTestCasesExecution" name="testCase007" time="1.493"/>
  <system-out/>
</testsuite> <!-- TestCasesDefinations.DemoAppTestCasesExecution -->
