<?xml version="1.0" encoding="UTF-8"?>
<!-- Generated by org.testng.reporters.JUnitReportReporter -->
<testsuite hostname="DESKTOP-JCDCUVQ" failures="0" tests="1" name="TestCasesDefinations.NewTest" time="0.004" errors="0" timestamp="2023-11-01T22:12:54 PDT" skipped="0">
  <testcase classname="TestCasesDefinations.NewTest" name="f" time="0.004"/>
  <system-out/>
</testsuite> <!-- TestCasesDefinations.NewTest -->
